<?xml version="1.0" encoding="UTF-8"?>
<testng-results ignored="0" total="7" passed="7" failed="0" skipped="0">
  <reporter-output>
  </reporter-output>
  <suite started-at="2022-04-06T17:09:19 IST" name="Suite" finished-at="2022-04-06T17:12:05 IST" duration-ms="165499">
    <groups>
    </groups>
    <test started-at="2022-04-06T17:09:19 IST" name="Test" finished-at="2022-04-06T17:12:05 IST" duration-ms="165499">
      <class name="Test.TestClass">
        <test-method is-config="true" signature="setup()[pri:0, instance:Test.TestClass@7bbc8656]" started-at="2022-04-06T17:09:19 IST" name="setup" finished-at="2022-04-06T17:09:21 IST" duration-ms="2243" status="PASS">
          <reporter-output>
          </reporter-output>
        </test-method> <!-- setup -->
        <test-method signature="Register_functionality()[pri:1, instance:Test.TestClass@7bbc8656]" started-at="2022-04-06T17:09:21 IST" name="Register_functionality" finished-at="2022-04-06T17:09:46 IST" duration-ms="24294" status="PASS">
          <reporter-output>
          </reporter-output>
        </test-method> <!-- Register_functionality -->
        <test-method signature="Invalid_Login_functionality()[pri:2, instance:Test.TestClass@7bbc8656]" started-at="2022-04-06T17:09:46 IST" name="Invalid_Login_functionality" finished-at="2022-04-06T17:09:54 IST" duration-ms="8221" status="PASS">
          <reporter-output>
          </reporter-output>
        </test-method> <!-- Invalid_Login_functionality -->
        <test-method signature="Login_functionality()[pri:3, instance:Test.TestClass@7bbc8656]" started-at="2022-04-06T17:09:54 IST" name="Login_functionality" finished-at="2022-04-06T17:10:03 IST" duration-ms="9206" status="PASS">
          <reporter-output>
          </reporter-output>
        </test-method> <!-- Login_functionality -->
        <test-method signature="wishlist_functionality()[pri:4, instance:Test.TestClass@7bbc8656]" started-at="2022-04-06T17:10:03 IST" name="wishlist_functionality" finished-at="2022-04-06T17:10:27 IST" duration-ms="24218" status="PASS">
          <reporter-output>
          </reporter-output>
        </test-method> <!-- wishlist_functionality -->
        <test-method signature="Add_cart_functionality()[pri:5, instance:Test.TestClass@7bbc8656]" started-at="2022-04-06T17:10:27 IST" name="Add_cart_functionality" finished-at="2022-04-06T17:10:48 IST" duration-ms="20628" status="PASS">
          <reporter-output>
          </reporter-output>
        </test-method> <!-- Add_cart_functionality -->
        <test-method signature="placing_order()[pri:6, instance:Test.TestClass@7bbc8656]" started-at="2022-04-06T17:10:48 IST" name="placing_order" finished-at="2022-04-06T17:11:49 IST" duration-ms="60835" status="PASS">
          <reporter-output>
          </reporter-output>
        </test-method> <!-- placing_order -->
        <test-method signature="Returning_order_functionality()[pri:7, instance:Test.TestClass@7bbc8656]" started-at="2022-04-06T17:11:49 IST" name="Returning_order_functionality" finished-at="2022-04-06T17:12:04 IST" duration-ms="15584" status="PASS">
          <reporter-output>
          </reporter-output>
        </test-method> <!-- Returning_order_functionality -->
        <test-method is-config="true" signature="teardown()[pri:0, instance:Test.TestClass@7bbc8656]" started-at="2022-04-06T17:12:04 IST" name="teardown" finished-at="2022-04-06T17:12:05 IST" duration-ms="200" status="PASS">
          <reporter-output>
          </reporter-output>
        </test-method> <!-- teardown -->
      </class> <!-- Test.TestClass -->
    </test> <!-- Test -->
  </suite> <!-- Suite -->
</testng-results>
